<?xml version="1.0" encoding="UTF-8"?>
<!-- Generated by org.testng.reporters.JUnitReportReporter -->
<testsuite skipped="0" hostname="Denuka" name="com.qa.hubspot.test.ContactsPageTest" tests="6" failures="0" timestamp="14 May 2020 11:56:21 GMT" time="67.444" errors="0">
  <testcase name="verifyContactsPageTitle" time="0.020" classname="com.qa.hubspot.test.ContactsPageTest"/>
  <testcase name="createNewConactsTest" time="15.462" classname="com.qa.hubspot.test.ContactsPageTest"/>
  <testcase name="createNewConactsTest" time="11.714" classname="com.qa.hubspot.test.ContactsPageTest"/>
  <testcase name="createNewConactsTest" time="11.944" classname="com.qa.hubspot.test.ContactsPageTest"/>
  <testcase name="createNewConactsTest" time="13.100" classname="com.qa.hubspot.test.ContactsPageTest"/>
  <testcase name="createNewConactsTest" time="15.204" classname="com.qa.hubspot.test.ContactsPageTest"/>
</testsuite> <!-- com.qa.hubspot.test.ContactsPageTest -->
