<?xml version="1.0" encoding="UTF-8"?>
<!-- Generated by org.testng.reporters.JUnitReportReporter -->
<testsuite skipped="1" hostname="Denuka" name="com.qa.hubspot.test.HomePageTest" tests="4" failures="0" timestamp="10 May 2020 16:45:42 GMT" time="6.304" errors="0">
  <testcase name="verifyHomePageTitleTest" time="0.070" classname="com.qa.hubspot.test.HomePageTest"/>
  <testcase name="verifyHomePageHeaderTest" time="6.169" classname="com.qa.hubspot.test.HomePageTest"/>
  <testcase name="loggedinImage" time="0.065" classname="com.qa.hubspot.test.HomePageTest"/>
  <testcase name="verifyLoggedInUserTest" classname="com.qa.hubspot.test.HomePageTest">
    <skipped/>
  </testcase> <!-- verifyLoggedInUserTest -->
</testsuite> <!-- com.qa.hubspot.test.HomePageTest -->
